This is pdfTeX, Version 3.14159265-2.6-1.40.19 (TeX Live 2018) (preloaded format=pdflatex 2018.4.16)  29 JUL 2019 11:09
entering extended mode
 restricted \write18 enabled.
 %&-line parsing enabled.
**eigentransfer_pf_draft.tex
(./eigentransfer_pf_draft.tex
LaTeX2e <2018-04-01> patch level 2
Babel <3.18> and hyphenation patterns for 84 language(s) loaded.
(/usr/local/texlive/2018/texmf-dist/tex/latex/paper/paper.cls
Document Class: paper 2008/05/30 1.0l LaTeX document class (wm).
\hours=\count80
\minutes=\count81
(/usr/local/texlive/2018/texmf-dist/tex/latex/base/size10.clo
File: size10.clo 2014/09/29 v1.4h Standard LaTeX file (size option)
)
\beforetitlespace=\skip41
\c@part=\count82
\c@section=\count83
\c@subsection=\count84
\c@subsubsection=\count85
\c@paragraph=\count86
\c@subparagraph=\count87
\exampleindent=\skip42
\c@figure=\count88
\c@table=\count89
\abovecaptionskip=\skip43
\belowcaptionskip=\skip44
\bibindent=\dimen102
)
(/usr/local/texlive/2018/texmf-dist/tex/latex/amsmath/amsmath.sty
Package: amsmath 2017/09/02 v2.17a AMS math features
\@mathmargin=\skip45

For additional information on amsmath, use the `?' option.
(/usr/local/texlive/2018/texmf-dist/tex/latex/amsmath/amstext.sty
Package: amstext 2000/06/29 v2.01 AMS text

(/usr/local/texlive/2018/texmf-dist/tex/latex/amsmath/amsgen.sty
File: amsgen.sty 1999/11/30 v2.0 generic functions
\@emptytoks=\toks14
\ex@=\dimen103
))
(/usr/local/texlive/2018/texmf-dist/tex/latex/amsmath/amsbsy.sty
Package: amsbsy 1999/11/29 v1.2d Bold Symbols
\pmbraise@=\dimen104
)
(/usr/local/texlive/2018/texmf-dist/tex/latex/amsmath/amsopn.sty
Package: amsopn 2016/03/08 v2.02 operator names
)
\inf@bad=\count90
LaTeX Info: Redefining \frac on input line 213.
\uproot@=\count91
\leftroot@=\count92
LaTeX Info: Redefining \overline on input line 375.
\classnum@=\count93
\DOTSCASE@=\count94
LaTeX Info: Redefining \ldots on input line 472.
LaTeX Info: Redefining \dots on input line 475.
LaTeX Info: Redefining \cdots on input line 596.
\Mathstrutbox@=\box26
\strutbox@=\box27
\big@size=\dimen105
LaTeX Font Info:    Redeclaring font encoding OML on input line 712.
LaTeX Font Info:    Redeclaring font encoding OMS on input line 713.
\macc@depth=\count95
\c@MaxMatrixCols=\count96
\dotsspace@=\muskip10
\c@parentequation=\count97
\dspbrk@lvl=\count98
\tag@help=\toks15
\row@=\count99
\column@=\count100
\maxfields@=\count101
\andhelp@=\toks16
\eqnshift@=\dimen106
\alignsep@=\dimen107
\tagshift@=\dimen108
\tagwidth@=\dimen109
\totwidth@=\dimen110
\lineht@=\dimen111
\@envbody=\toks17
\multlinegap=\skip46
\multlinetaggap=\skip47
\mathdisplay@stack=\toks18
LaTeX Info: Redefining \[ on input line 2817.
LaTeX Info: Redefining \] on input line 2818.
)
(/usr/local/texlive/2018/texmf-dist/tex/latex/amscls/amsthm.sty
Package: amsthm 2017/10/31 v2.20.4
\thm@style=\toks19
\thm@bodyfont=\toks20
\thm@headfont=\toks21
\thm@notefont=\toks22
\thm@headpunct=\toks23
\thm@preskip=\skip48
\thm@postskip=\skip49
\thm@headsep=\skip50
\dth@everypar=\toks24
)
(/usr/local/texlive/2018/texmf-dist/tex/latex/parskip/parskip.sty
Package: parskip 2001/04/09 non-zero parskip adjustments
)
(./eigentransfer_pf_draft.aux)
\openout1 = `eigentransfer_pf_draft.aux'.

LaTeX Font Info:    Checking defaults for OML/cmm/m/it on input line 5.
LaTeX Font Info:    ... okay on input line 5.
LaTeX Font Info:    Checking defaults for T1/cmr/m/n on input line 5.
LaTeX Font Info:    ... okay on input line 5.
LaTeX Font Info:    Checking defaults for OT1/cmr/m/n on input line 5.
LaTeX Font Info:    ... okay on input line 5.
LaTeX Font Info:    Checking defaults for OMS/cmsy/m/n on input line 5.
LaTeX Font Info:    ... okay on input line 5.
LaTeX Font Info:    Checking defaults for OMX/cmex/m/n on input line 5.
LaTeX Font Info:    ... okay on input line 5.
LaTeX Font Info:    Checking defaults for U/cmr/m/n on input line 5.
LaTeX Font Info:    ... okay on input line 5.
 [1{/usr/local/texlive/2018/texmf-var/fonts/map/pdftex/updmap/pdftex.map}

]
Overfull \hbox (15.45558pt too wide) in paragraph at lines 120--122
\OT1/cmr/m/n/10 Since $\OML/cmm/m/it/10 Y[]$\OT1/cmr/m/n/10 ,...,$\OML/cmm/m/it
/10 Y[]$\OT1/cmr/m/n/10 , $\OML/cmm/m/it/10 C[]$ \OT1/cmr/m/n/10 ... $\OML/cmm/
m/it/10 C[]$ \OT1/cmr/m/n/10 and $\OML/cmm/m/it/10 Z[]$ \OT1/cmr/m/n/10 are all
 the ap-pro-pri-ate sub-ma-trixes of $\OMS/cmsy/m/n/10 A\OT1/cmr/m/n/10 ( \OML/
cmm/m/it/10 In\OT1/cmr/m/n/10 (\OML/cmm/m/it/10 ^^L; Z[]\OT1/cmr/m/n/10 ) )$,
 []


Overfull \hbox (9.23265pt too wide) in paragraph at lines 132--133
\OT1/cmr/m/n/10 Given a graph $\OML/cmm/m/it/10 H \OT1/cmr/m/n/10 = (\OML/cmm/m
/it/10 V; E; !\OT1/cmr/m/n/10 )$ that is not strongly con-nected, let $\OML/cmm
/m/it/10 S \OT1/cmr/m/n/10 = \OMS/cmsy/m/n/10 f\OML/cmm/m/it/10 S[]; S[]; :::; 
S[]\OMS/cmsy/m/n/10 g$
 []

LaTeX Font Info:    Try loading font information for OMS+cmr on input line 134.

(/usr/local/texlive/2018/texmf-dist/tex/latex/base/omscmr.fd
File: omscmr.fd 2014/09/29 v2.5h Standard LaTeX font definitions
)
LaTeX Font Info:    Font shape `OMS/cmr/m/n' in size <10> not available
(Font)              Font shape `OMS/cmsy/m/n' tried instead on input line 134.
 [2] [3]
Overfull \hbox (60.15283pt too wide) detected at line 228
[] [] \OT1/cmr/m/n/10 = []
 []

[4] [5]
Overfull \hbox (59.14937pt too wide) detected at line 316
\OMS/cmsy/m/n/10 ^^@\OML/cmm/m/it/10 Y[]\OT1/cmr/m/n/10 (\OML/cmm/m/it/10 ^^ZI 
\OMS/cmsy/m/n/10 ^^@ \OML/cmm/m/it/10 S[]\OT1/cmr/m/n/10 )[] \OMS/cmsy/m/n/10 ^
^@ \OML/cmm/m/it/10 Y[]X[] [] \OMS/cmsy/m/n/10 ^^@ \OML/cmm/m/it/10 Y[]X[] \OT1
/cmr/m/n/10 + (\OML/cmm/m/it/10 ^^ZI \OMS/cmsy/m/n/10 ^^@ \OML/cmm/m/it/10 S[]\
OT1/cmr/m/n/10 )\OML/cmm/m/it/10 X[] \OT1/cmr/m/n/10 = 0
 []

[6]
Overfull \hbox (7.54268pt too wide) detected at line 343
\OT1/cmr/m/n/10 (\OML/cmm/m/it/10 ^^ZI \OMS/cmsy/m/n/10 ^^@ \OML/cmm/m/it/10 S[
]\OT1/cmr/m/n/10 )[]\OML/cmm/m/it/10 Y[]X[] \OT1/cmr/m/n/10 = [] [](\OML/cmm/m/
it/10 ^^ZI \OMS/cmsy/m/n/10 ^^@ \OML/cmm/m/it/10 S[]\OT1/cmr/m/n/10 )[]\OML/cmm
/m/it/10 Y[]P\OT1/cmr/m/n/10 (\OML/cmm/m/it/10 ; ^^U\OT1/cmr/m/n/10 )
 []


Overfull \hbox (11.10706pt too wide) in paragraph at lines 351--352
\OT1/cmr/m/n/10 is equal to the sum of all cen-tral-ity trans-fer ma-tri-ces fo
r the branches in $\OMS/cmsy/m/n/10 P\OT1/cmr/m/n/10 (\OML/cmm/m/it/10 S[]; S[]
\OT1/cmr/m/n/10 )$
 []


Overfull \hbox (5.87685pt too wide) in paragraph at lines 365--366
[]\OT1/cmr/m/n/10 Clearly, $\OML/cmm/m/it/10 D \OMS/cmsy/m/n/10 ^^Z P\OT1/cmr/m
/n/10 (\OML/cmm/m/it/10 S[]; S[]\OT1/cmr/m/n/10 )$. We as-sert that $\OML/cmm/m
/it/10 D \OT1/cmr/m/n/10 = \OMS/cmsy/m/n/10 P\OT1/cmr/m/n/10 (\OML/cmm/m/it/10 
S[]; S[]\OT1/cmr/m/n/10 )$. Let $\OML/cmm/m/it/10  \OMS/cmsy/m/n/10 2 P\OT1/cm
r/m/n/10 (\OML/cmm/m/it/10 S[]; S[]\OT1/cmr/m/n/10 )$.
 []

[7] [8] [9] [10] [11]
Overfull \hbox (26.99756pt too wide) in paragraph at lines 615--620
\OT1/cmr/m/n/10 where $\OML/cmm/m/it/10 ^^L \OMS/cmsy/m/n/10 2 B[]\OT1/cmr/m/n/
10 (\OML/cmm/m/it/10 G\OT1/cmr/m/n/10 )$. Let $\OML/cmm/m/it/10  \OMS/cmsy/m/n
/10 2  P\OT1/cmr/m/n/10 (\OML/cmm/m/it/10 C[]; C[]\OT1/cmr/m/n/10 )$. Then $\OM
L/cmm/m/it/10  \OT1/cmr/m/n/10 = \OMS/cmsy/m/n/10 f\OML/cmm/m/it/10 C[]; e[]; 
C[]; e[]; :::C[]; e[]C[]\OMS/cmsy/m/n/10 g$
 []


Overfull \hbox (4.81876pt too wide) in paragraph at lines 644--646
\OT1/cmr/m/n/10 above equa-tion is true. Let $\OML/cmm/m/it/10 ^^L \OMS/cmsy/m/
n/10 2 \OML/cmm/m/it/10 D[]$\OT1/cmr/m/n/10 . Then $\OML/cmm/m/it/10 ^^L \OT1/c
mr/m/n/10 = \OMS/cmsy/m/n/10 f\OML/cmm/m/it/10 v; g[]; C[]; e[]:::e[]; C[]; f[]
; Z:::u\OMS/cmsy/m/n/10 g$
 []

[12]
Overfull \hbox (2.96103pt too wide) detected at line 693
[]
 []

[13] [14] (./eigentransfer_pf_draft.aux) ) 
Here is how much of TeX's memory you used:
 1082 strings out of 492649
 12586 string characters out of 6129622
 86573 words of memory out of 5000000
 5013 multiletter control sequences out of 15000+600000
 7124 words of font info for 26 fonts, out of 8000000 for 9000
 1141 hyphenation exceptions out of 8191
 27i,15n,21p,853b,198s stack positions out of 5000i,500n,10000p,200000b,80000s
</usr/local/texlive/2018/texmf-dist/f
onts/type1/public/amsfonts/cm/cmbx10.pfb></usr/local/texlive/2018/texmf-dist/fo
nts/type1/public/amsfonts/cm/cmex10.pfb></usr/local/texlive/2018/texmf-dist/fon
ts/type1/public/amsfonts/cm/cmmi10.pfb></usr/local/texlive/2018/texmf-dist/font
s/type1/public/amsfonts/cm/cmmi5.pfb></usr/local/texlive/2018/texmf-dist/fonts/
type1/public/amsfonts/cm/cmmi7.pfb></usr/local/texlive/2018/texmf-dist/fonts/ty
pe1/public/amsfonts/cm/cmr10.pfb></usr/local/texlive/2018/texmf-dist/fonts/type
1/public/amsfonts/cm/cmr5.pfb></usr/local/texlive/2018/texmf-dist/fonts/type1/p
ublic/amsfonts/cm/cmr7.pfb></usr/local/texlive/2018/texmf-dist/fonts/type1/publ
ic/amsfonts/cm/cmr9.pfb></usr/local/texlive/2018/texmf-dist/fonts/type1/public/
amsfonts/cm/cmssbx10.pfb></usr/local/texlive/2018/texmf-dist/fonts/type1/public
/amsfonts/cm/cmsy10.pfb></usr/local/texlive/2018/texmf-dist/fonts/type1/public/
amsfonts/cm/cmsy5.pfb></usr/local/texlive/2018/texmf-dist/fonts/type1/public/am
sfonts/cm/cmsy7.pfb>
Output written on eigentransfer_pf_draft.pdf (14 pages, 190270 bytes).
PDF statistics:
 102 PDF objects out of 1000 (max. 8388607)
 72 compressed objects within 1 object stream
 0 named destinations out of 1000 (max. 500000)
 1 words of extra memory for PDF output out of 10000 (max. 10000000)

