This is pdfTeX, Version 3.14159265-2.6-1.40.19 (TeX Live 2018) (preloaded format=pdflatex 2018.4.16)  11 JUL 2019 10:52
entering extended mode
 restricted \write18 enabled.
 %&-line parsing enabled.
**specCentPf.tex
(./specCentPf.tex
LaTeX2e <2018-04-01> patch level 2
Babel <3.18> and hyphenation patterns for 84 language(s) loaded.
(/usr/local/texlive/2018/texmf-dist/tex/latex/paper/paper.cls
Document Class: paper 2008/05/30 1.0l LaTeX document class (wm).
\hours=\count80
\minutes=\count81
(/usr/local/texlive/2018/texmf-dist/tex/latex/base/size10.clo
File: size10.clo 2014/09/29 v1.4h Standard LaTeX file (size option)
)
\beforetitlespace=\skip41
\c@part=\count82
\c@section=\count83
\c@subsection=\count84
\c@subsubsection=\count85
\c@paragraph=\count86
\c@subparagraph=\count87
\exampleindent=\skip42
\c@figure=\count88
\c@table=\count89
\abovecaptionskip=\skip43
\belowcaptionskip=\skip44
\bibindent=\dimen102
)
(/usr/local/texlive/2018/texmf-dist/tex/latex/amsmath/amsmath.sty
Package: amsmath 2017/09/02 v2.17a AMS math features
\@mathmargin=\skip45

For additional information on amsmath, use the `?' option.
(/usr/local/texlive/2018/texmf-dist/tex/latex/amsmath/amstext.sty
Package: amstext 2000/06/29 v2.01 AMS text

(/usr/local/texlive/2018/texmf-dist/tex/latex/amsmath/amsgen.sty
File: amsgen.sty 1999/11/30 v2.0 generic functions
\@emptytoks=\toks14
\ex@=\dimen103
))
(/usr/local/texlive/2018/texmf-dist/tex/latex/amsmath/amsbsy.sty
Package: amsbsy 1999/11/29 v1.2d Bold Symbols
\pmbraise@=\dimen104
)
(/usr/local/texlive/2018/texmf-dist/tex/latex/amsmath/amsopn.sty
Package: amsopn 2016/03/08 v2.02 operator names
)
\inf@bad=\count90
LaTeX Info: Redefining \frac on input line 213.
\uproot@=\count91
\leftroot@=\count92
LaTeX Info: Redefining \overline on input line 375.
\classnum@=\count93
\DOTSCASE@=\count94
LaTeX Info: Redefining \ldots on input line 472.
LaTeX Info: Redefining \dots on input line 475.
LaTeX Info: Redefining \cdots on input line 596.
\Mathstrutbox@=\box26
\strutbox@=\box27
\big@size=\dimen105
LaTeX Font Info:    Redeclaring font encoding OML on input line 712.
LaTeX Font Info:    Redeclaring font encoding OMS on input line 713.
\macc@depth=\count95
\c@MaxMatrixCols=\count96
\dotsspace@=\muskip10
\c@parentequation=\count97
\dspbrk@lvl=\count98
\tag@help=\toks15
\row@=\count99
\column@=\count100
\maxfields@=\count101
\andhelp@=\toks16
\eqnshift@=\dimen106
\alignsep@=\dimen107
\tagshift@=\dimen108
\tagwidth@=\dimen109
\totwidth@=\dimen110
\lineht@=\dimen111
\@envbody=\toks17
\multlinegap=\skip46
\multlinetaggap=\skip47
\mathdisplay@stack=\toks18
LaTeX Info: Redefining \[ on input line 2817.
LaTeX Info: Redefining \] on input line 2818.
)
(/usr/local/texlive/2018/texmf-dist/tex/latex/amscls/amsthm.sty
Package: amsthm 2017/10/31 v2.20.4
\thm@style=\toks19
\thm@bodyfont=\toks20
\thm@headfont=\toks21
\thm@notefont=\toks22
\thm@headpunct=\toks23
\thm@preskip=\skip48
\thm@postskip=\skip49
\thm@headsep=\skip50
\dth@everypar=\toks24
)
(/usr/local/texlive/2018/texmf-dist/tex/latex/parskip/parskip.sty
Package: parskip 2001/04/09 non-zero parskip adjustments
)
(./specCentPf.aux)
\openout1 = `specCentPf.aux'.

LaTeX Font Info:    Checking defaults for OML/cmm/m/it on input line 5.
LaTeX Font Info:    ... okay on input line 5.
LaTeX Font Info:    Checking defaults for T1/cmr/m/n on input line 5.
LaTeX Font Info:    ... okay on input line 5.
LaTeX Font Info:    Checking defaults for OT1/cmr/m/n on input line 5.
LaTeX Font Info:    ... okay on input line 5.
LaTeX Font Info:    Checking defaults for OMS/cmsy/m/n on input line 5.
LaTeX Font Info:    ... okay on input line 5.
LaTeX Font Info:    Checking defaults for OMX/cmex/m/n on input line 5.
LaTeX Font Info:    ... okay on input line 5.
LaTeX Font Info:    Checking defaults for U/cmr/m/n on input line 5.
LaTeX Font Info:    ... okay on input line 5.
LaTeX Font Info:    Try loading font information for OMS+cmr on input line 23.
 (/usr/local/texlive/2018/texmf-dist/tex/latex/base/omscmr.fd
File: omscmr.fd 2014/09/29 v2.5h Standard LaTeX font definitions
)
LaTeX Font Info:    Font shape `OMS/cmr/m/n' in size <10> not available
(Font)              Font shape `OMS/cmsy/m/n' tried instead on input line 23.
 [1{/usr/local/texlive/2018/texmf-var/fonts/map/pdftex/updmap/pdftex.map}

]
[2]
Overfull \hbox (21.60898pt too wide) in paragraph at lines 89--101
\OT1/cmr/m/n/10 nodes in $\OMS/cmsy/m/n/10 S[]\OT1/cmr/m/n/10 (\OML/cmm/m/it/10
 G\OT1/cmr/m/n/10 )$ and we can par-ti-tion $\OT1/cmr/bx/n/10 u$ \OT1/cmr/m/n/1
0 into $\OT1/cmr/bx/n/10 u \OT1/cmr/m/n/10 = [][]$.
 []

[3]
Overfull \hbox (0.92369pt too wide) detected at line 184
\OT1/cmr/m/n/10 (\OML/cmm/m/it/10 ^^ZI \OMS/cmsy/m/n/10 ^^@ \OML/cmm/m/it/10 A\
OT1/cmr/m/n/10 )[] = []
 []

[4]
Overfull \hbox (64.03275pt too wide) detected at line 244
[] [] \OT1/cmr/m/n/10 = []
 []

[5] [6]
Overfull \hbox (59.14937pt too wide) detected at line 323
\OMS/cmsy/m/n/10 ^^@\OML/cmm/m/it/10 Y[]\OT1/cmr/m/n/10 (\OML/cmm/m/it/10 ^^ZI 
\OMS/cmsy/m/n/10 ^^@ \OML/cmm/m/it/10 S[]\OT1/cmr/m/n/10 )[] \OMS/cmsy/m/n/10 ^
^@ \OML/cmm/m/it/10 Y[]X[] [] \OMS/cmsy/m/n/10 ^^@ \OML/cmm/m/it/10 Y[]X[] \OT1
/cmr/m/n/10 + (\OML/cmm/m/it/10 ^^ZI \OMS/cmsy/m/n/10 ^^@ \OML/cmm/m/it/10 S[]\
OT1/cmr/m/n/10 )\OML/cmm/m/it/10 X[] \OT1/cmr/m/n/10 = 0
 []

[7]
Overfull \hbox (14.51215pt too wide) in paragraph at lines 358--359
\OT1/cmr/m/n/10 is equal to the sum of all cen-tral-ity trans-fer ma-tri-ces fo
r the branches in $\OML/cmm/m/it/10 In\OT1/cmr/m/n/10 (\OML/cmm/m/it/10 S[]; S[
]\OT1/cmr/m/n/10 )$
 []

[8] [9] [10] (./specCentPf.aux) ) 
Here is how much of TeX's memory you used:
 1081 strings out of 492649
 12473 string characters out of 6129622
 83573 words of memory out of 5000000
 5012 multiletter control sequences out of 15000+600000
 7124 words of font info for 26 fonts, out of 8000000 for 9000
 1141 hyphenation exceptions out of 8191
 27i,13n,21p,566b,200s stack positions out of 5000i,500n,10000p,200000b,80000s
</usr/local/texlive/2018/texmf-dist/fonts/type
1/public/amsfonts/cm/cmbx10.pfb></usr/local/texlive/2018/texmf-dist/fonts/type1
/public/amsfonts/cm/cmex10.pfb></usr/local/texlive/2018/texmf-dist/fonts/type1/
public/amsfonts/cm/cmmi10.pfb></usr/local/texlive/2018/texmf-dist/fonts/type1/p
ublic/amsfonts/cm/cmmi5.pfb></usr/local/texlive/2018/texmf-dist/fonts/type1/pub
lic/amsfonts/cm/cmmi7.pfb></usr/local/texlive/2018/texmf-dist/fonts/type1/publi
c/amsfonts/cm/cmr10.pfb></usr/local/texlive/2018/texmf-dist/fonts/type1/public/
amsfonts/cm/cmr5.pfb></usr/local/texlive/2018/texmf-dist/fonts/type1/public/ams
fonts/cm/cmr7.pfb></usr/local/texlive/2018/texmf-dist/fonts/type1/public/amsfon
ts/cm/cmr9.pfb></usr/local/texlive/2018/texmf-dist/fonts/type1/public/amsfonts/
cm/cmssbx10.pfb></usr/local/texlive/2018/texmf-dist/fonts/type1/public/amsfonts
/cm/cmsy10.pfb></usr/local/texlive/2018/texmf-dist/fonts/type1/public/amsfonts/
cm/cmsy7.pfb>
Output written on specCentPf.pdf (10 pages, 155877 bytes).
PDF statistics:
 85 PDF objects out of 1000 (max. 8388607)
 60 compressed objects within 1 object stream
 0 named destinations out of 1000 (max. 500000)
 1 words of extra memory for PDF output out of 10000 (max. 10000000)

